<?xml version="1.0" encoding="UTF-8"?>
<!-- Generated by org.testng.reporters.JUnitReportReporter -->
<testsuite hostname="CPX-HY0DXDC9NA5" name="pages.govtech.bgp.BusinessGrantsPortalLogin" tests="1" failures="0" timestamp="10 Jan 2018 22:50:06 GMT" time="21.340" errors="0">
  <testcase name="bgpLoginUntilProceed" time="21.340" classname="pages.govtech.bgp.BusinessGrantsPortalLogin"/>
</testsuite> <!-- pages.govtech.bgp.BusinessGrantsPortalLogin -->
